<?xml version="1.0" encoding="UTF-8"?>
<testng-results ignored="0" total="1" passed="1" failed="0" skipped="0">
  <reporter-output>
  </reporter-output>
  <suite started-at="2021-06-13T02:08:39 IST" name="SequenceTest" finished-at="2021-06-13T02:08:54 IST" duration-ms="14670">
    <groups>
    </groups>
    <test started-at="2021-06-13T02:08:39 IST" name="Test1" finished-at="2021-06-13T02:08:54 IST" duration-ms="14670">
      <class name="com.qa.TestScript.TestClass">
        <test-method signature="addressbook()[pri:0, instance:com.qa.TestScript.TestClass@557caf28]" started-at="2021-06-13T02:08:39 IST" name="addressbook" finished-at="2021-06-13T02:08:54 IST" duration-ms="14549" status="PASS">
          <reporter-output>
          </reporter-output>
        </test-method> <!-- addressbook -->
      </class> <!-- com.qa.TestScript.TestClass -->
    </test> <!-- Test1 -->
  </suite> <!-- SequenceTest -->
</testng-results>
